  GCC4EditorStd.cpp
c:\program files (x86)\microsoft directx sdk (june 2010)\include\dxgitype.h(12): warning C4005: 'DXGI_STATUS_OCCLUDED': ridefinizione macro
  c:\program files (x86)\windows kits\8.1\include\shared\winerror.h(50092): note: vedere la precedente definizione di 'DXGI_STATUS_OCCLUDED'
c:\program files (x86)\microsoft directx sdk (june 2010)\include\dxgitype.h(13): warning C4005: 'DXGI_STATUS_CLIPPED': ridefinizione macro
  c:\program files (x86)\windows kits\8.1\include\shared\winerror.h(50101): note: vedere la precedente definizione di 'DXGI_STATUS_CLIPPED'
c:\program files (x86)\microsoft directx sdk (june 2010)\include\dxgitype.h(14): warning C4005: 'DXGI_STATUS_NO_REDIRECTION': ridefinizione macro
  c:\program files (x86)\windows kits\8.1\include\shared\winerror.h(50110): note: vedere la precedente definizione di 'DXGI_STATUS_NO_REDIRECTION'
c:\program files (x86)\microsoft directx sdk (june 2010)\include\dxgitype.h(15): warning C4005: 'DXGI_STATUS_NO_DESKTOP_ACCESS': ridefinizione macro
  c:\program files (x86)\windows kits\8.1\include\shared\winerror.h(50119): note: vedere la precedente definizione di 'DXGI_STATUS_NO_DESKTOP_ACCESS'
c:\program files (x86)\microsoft directx sdk (june 2010)\include\dxgitype.h(16): warning C4005: 'DXGI_STATUS_GRAPHICS_VIDPN_SOURCE_IN_USE': ridefinizione macro
  c:\program files (x86)\windows kits\8.1\include\shared\winerror.h(50128): note: vedere la precedente definizione di 'DXGI_STATUS_GRAPHICS_VIDPN_SOURCE_IN_USE'
c:\program files (x86)\microsoft directx sdk (june 2010)\include\dxgitype.h(17): warning C4005: 'DXGI_STATUS_MODE_CHANGED': ridefinizione macro
  c:\program files (x86)\windows kits\8.1\include\shared\winerror.h(50137): note: vedere la precedente definizione di 'DXGI_STATUS_MODE_CHANGED'
c:\program files (x86)\microsoft directx sdk (june 2010)\include\dxgitype.h(18): warning C4005: 'DXGI_STATUS_MODE_CHANGE_IN_PROGRESS': ridefinizione macro
  c:\program files (x86)\windows kits\8.1\include\shared\winerror.h(50146): note: vedere la precedente definizione di 'DXGI_STATUS_MODE_CHANGE_IN_PROGRESS'
c:\program files (x86)\microsoft directx sdk (june 2010)\include\dxgitype.h(21): warning C4005: 'DXGI_ERROR_INVALID_CALL': ridefinizione macro
  c:\program files (x86)\windows kits\8.1\include\shared\winerror.h(50161): note: vedere la precedente definizione di 'DXGI_ERROR_INVALID_CALL'
c:\program files (x86)\microsoft directx sdk (june 2010)\include\dxgitype.h(22): warning C4005: 'DXGI_ERROR_NOT_FOUND': ridefinizione macro
  c:\program files (x86)\windows kits\8.1\include\shared\winerror.h(50170): note: vedere la precedente definizione di 'DXGI_ERROR_NOT_FOUND'
c:\program files (x86)\microsoft directx sdk (june 2010)\include\dxgitype.h(23): warning C4005: 'DXGI_ERROR_MORE_DATA': ridefinizione macro
  c:\program files (x86)\windows kits\8.1\include\shared\winerror.h(50179): note: vedere la precedente definizione di 'DXGI_ERROR_MORE_DATA'
c:\program files (x86)\microsoft directx sdk (june 2010)\include\dxgitype.h(24): warning C4005: 'DXGI_ERROR_UNSUPPORTED': ridefinizione macro
  c:\program files (x86)\windows kits\8.1\include\shared\winerror.h(50188): note: vedere la precedente definizione di 'DXGI_ERROR_UNSUPPORTED'
c:\program files (x86)\microsoft directx sdk (june 2010)\include\dxgitype.h(25): warning C4005: 'DXGI_ERROR_DEVICE_REMOVED': ridefinizione macro
  c:\program files (x86)\windows kits\8.1\include\shared\winerror.h(50197): note: vedere la precedente definizione di 'DXGI_ERROR_DEVICE_REMOVED'
c:\program files (x86)\microsoft directx sdk (june 2010)\include\dxgitype.h(26): warning C4005: 'DXGI_ERROR_DEVICE_HUNG': ridefinizione macro
  c:\program files (x86)\windows kits\8.1\include\shared\winerror.h(50206): note: vedere la precedente definizione di 'DXGI_ERROR_DEVICE_HUNG'
c:\program files (x86)\microsoft directx sdk (june 2010)\include\dxgitype.h(27): warning C4005: 'DXGI_ERROR_DEVICE_RESET': ridefinizione macro
  c:\program files (x86)\windows kits\8.1\include\shared\winerror.h(50216): note: vedere la precedente definizione di 'DXGI_ERROR_DEVICE_RESET'
c:\program files (x86)\microsoft directx sdk (june 2010)\include\dxgitype.h(28): warning C4005: 'DXGI_ERROR_WAS_STILL_DRAWING': ridefinizione macro
  c:\program files (x86)\windows kits\8.1\include\shared\winerror.h(50225): note: vedere la precedente definizione di 'DXGI_ERROR_WAS_STILL_DRAWING'
c:\program files (x86)\microsoft directx sdk (june 2010)\include\dxgitype.h(29): warning C4005: 'DXGI_ERROR_FRAME_STATISTICS_DISJOINT': ridefinizione macro
  c:\program files (x86)\windows kits\8.1\include\shared\winerror.h(50235): note: vedere la precedente definizione di 'DXGI_ERROR_FRAME_STATISTICS_DISJOINT'
c:\program files (x86)\microsoft directx sdk (june 2010)\include\dxgitype.h(30): warning C4005: 'DXGI_ERROR_GRAPHICS_VIDPN_SOURCE_IN_USE': ridefinizione macro
  c:\program files (x86)\windows kits\8.1\include\shared\winerror.h(50244): note: vedere la precedente definizione di 'DXGI_ERROR_GRAPHICS_VIDPN_SOURCE_IN_USE'
c:\program files (x86)\microsoft directx sdk (june 2010)\include\dxgitype.h(31): warning C4005: 'DXGI_ERROR_DRIVER_INTERNAL_ERROR': ridefinizione macro
  c:\program files (x86)\windows kits\8.1\include\shared\winerror.h(50254): note: vedere la precedente definizione di 'DXGI_ERROR_DRIVER_INTERNAL_ERROR'
c:\program files (x86)\microsoft directx sdk (june 2010)\include\dxgitype.h(32): warning C4005: 'DXGI_ERROR_NONEXCLUSIVE': ridefinizione macro
  c:\program files (x86)\windows kits\8.1\include\shared\winerror.h(50263): note: vedere la precedente definizione di 'DXGI_ERROR_NONEXCLUSIVE'
c:\program files (x86)\microsoft directx sdk (june 2010)\include\dxgitype.h(33): warning C4005: 'DXGI_ERROR_NOT_CURRENTLY_AVAILABLE': ridefinizione macro
  c:\program files (x86)\windows kits\8.1\include\shared\winerror.h(50272): note: vedere la precedente definizione di 'DXGI_ERROR_NOT_CURRENTLY_AVAILABLE'
c:\program files (x86)\microsoft directx sdk (june 2010)\include\dxgitype.h(34): warning C4005: 'DXGI_ERROR_REMOTE_CLIENT_DISCONNECTED': ridefinizione macro
  c:\program files (x86)\windows kits\8.1\include\shared\winerror.h(50282): note: vedere la precedente definizione di 'DXGI_ERROR_REMOTE_CLIENT_DISCONNECTED'
c:\program files (x86)\microsoft directx sdk (june 2010)\include\dxgitype.h(35): warning C4005: 'DXGI_ERROR_REMOTE_OUTOFMEMORY': ridefinizione macro
  c:\program files (x86)\windows kits\8.1\include\shared\winerror.h(50291): note: vedere la precedente definizione di 'DXGI_ERROR_REMOTE_OUTOFMEMORY'
c:\program files (x86)\microsoft directx sdk (june 2010)\include\d3d11.h(917): warning C4005: 'D3D11_ERROR_TOO_MANY_UNIQUE_STATE_OBJECTS': ridefinizione macro
  c:\program files (x86)\windows kits\8.1\include\shared\winerror.h(50469): note: vedere la precedente definizione di 'D3D11_ERROR_TOO_MANY_UNIQUE_STATE_OBJECTS'
c:\program files (x86)\microsoft directx sdk (june 2010)\include\d3d11.h(918): warning C4005: 'D3D11_ERROR_FILE_NOT_FOUND': ridefinizione macro
  c:\program files (x86)\windows kits\8.1\include\shared\winerror.h(50478): note: vedere la precedente definizione di 'D3D11_ERROR_FILE_NOT_FOUND'
c:\program files (x86)\microsoft directx sdk (june 2010)\include\d3d11.h(919): warning C4005: 'D3D11_ERROR_TOO_MANY_UNIQUE_VIEW_OBJECTS': ridefinizione macro
  c:\program files (x86)\windows kits\8.1\include\shared\winerror.h(50488): note: vedere la precedente definizione di 'D3D11_ERROR_TOO_MANY_UNIQUE_VIEW_OBJECTS'
c:\program files (x86)\microsoft directx sdk (june 2010)\include\d3d11.h(920): warning C4005: 'D3D11_ERROR_DEFERRED_CONTEXT_MAP_WITHOUT_INITIAL_DISCARD': ridefinizione macro
  c:\program files (x86)\windows kits\8.1\include\shared\winerror.h(50497): note: vedere la precedente definizione di 'D3D11_ERROR_DEFERRED_CONTEXT_MAP_WITHOUT_INITIAL_DISCARD'
c:\program files (x86)\microsoft directx sdk (june 2010)\include\d3d10.h(608): warning C4005: 'D3D10_ERROR_TOO_MANY_UNIQUE_STATE_OBJECTS': ridefinizione macro
  c:\program files (x86)\windows kits\8.1\include\shared\winerror.h(50445): note: vedere la precedente definizione di 'D3D10_ERROR_TOO_MANY_UNIQUE_STATE_OBJECTS'
c:\program files (x86)\microsoft directx sdk (june 2010)\include\d3d10.h(609): warning C4005: 'D3D10_ERROR_FILE_NOT_FOUND': ridefinizione macro
  c:\program files (x86)\windows kits\8.1\include\shared\winerror.h(50454): note: vedere la precedente definizione di 'D3D10_ERROR_FILE_NOT_FOUND'
c:\program files (x86)\microsoft directx sdk (june 2010)\include\xnamath.h(2662): warning C4838: la conversione da 'unsigned int' a 'INT' richiede una conversione verso un tipo di dati più piccolo
c:\program files (x86)\microsoft directx sdk (june 2010)\include\xnamath.h(2663): warning C4838: la conversione da 'unsigned int' a 'INT' richiede una conversione verso un tipo di dati più piccolo
c:\program files (x86)\microsoft directx sdk (june 2010)\include\xnamath.h(2664): warning C4838: la conversione da 'unsigned int' a 'INT' richiede una conversione verso un tipo di dati più piccolo
c:\program files (x86)\microsoft directx sdk (june 2010)\include\xnamath.h(2665): warning C4838: la conversione da 'unsigned int' a 'INT' richiede una conversione verso un tipo di dati più piccolo
c:\program files (x86)\microsoft directx sdk (june 2010)\include\xnamath.h(2666): warning C4838: la conversione da 'unsigned int' a 'INT' richiede una conversione verso un tipo di dati più piccolo
c:\program files (x86)\microsoft directx sdk (june 2010)\include\xnamath.h(2667): warning C4838: la conversione da 'unsigned int' a 'INT' richiede una conversione verso un tipo di dati più piccolo
c:\program files (x86)\microsoft directx sdk (june 2010)\include\xnamath.h(2668): warning C4838: la conversione da 'unsigned int' a 'INT' richiede una conversione verso un tipo di dati più piccolo
c:\program files (x86)\microsoft directx sdk (june 2010)\include\xnamath.h(2689): warning C4838: la conversione da 'unsigned int' a 'INT' richiede una conversione verso un tipo di dati più piccolo
c:\program files (x86)\microsoft directx sdk (june 2010)\include\xnamath.h(2690): warning C4838: la conversione da 'unsigned int' a 'INT' richiede una conversione verso un tipo di dati più piccolo
c:\program files (x86)\microsoft directx sdk (june 2010)\include\xnamath.h(2691): warning C4838: la conversione da 'unsigned int' a 'INT' richiede una conversione verso un tipo di dati più piccolo
c:\program files (x86)\microsoft directx sdk (june 2010)\include\xnamath.h(2694): warning C4838: la conversione da 'unsigned int' a 'INT' richiede una conversione verso un tipo di dati più piccolo
c:\program files (x86)\microsoft directx sdk (june 2010)\include\xnamath.h(2695): warning C4838: la conversione da 'unsigned int' a 'INT' richiede una conversione verso un tipo di dati più piccolo
c:\program files (x86)\microsoft directx sdk (june 2010)\include\xnamath.h(2698): warning C4838: la conversione da 'unsigned int' a 'INT' richiede una conversione verso un tipo di dati più piccolo
c:\program files (x86)\microsoft directx sdk (june 2010)\include\xnamath.h(2702): warning C4838: la conversione da 'unsigned int' a 'INT' richiede una conversione verso un tipo di dati più piccolo
c:\program files (x86)\microsoft directx sdk (june 2010)\include\xnamath.h(2712): warning C4838: la conversione da 'unsigned int' a 'INT' richiede una conversione verso un tipo di dati più piccolo
c:\program files (x86)\microsoft directx sdk (june 2010)\include\xnamath.h(2713): warning C4838: la conversione da 'unsigned int' a 'INT' richiede una conversione verso un tipo di dati più piccolo
c:\program files (x86)\microsoft directx sdk (june 2010)\include\xnamath.h(2715): warning C4838: la conversione da 'unsigned int' a 'INT' richiede una conversione verso un tipo di dati più piccolo
c:\program files (x86)\microsoft directx sdk (june 2010)\include\xnamath.h(2716): warning C4838: la conversione da 'unsigned int' a 'INT' richiede una conversione verso un tipo di dati più piccolo
c:\program files (x86)\microsoft directx sdk (june 2010)\include\xnamath.h(2717): warning C4838: la conversione da 'unsigned int' a 'INT' richiede una conversione verso un tipo di dati più piccolo
c:\program files (x86)\microsoft directx sdk (june 2010)\include\xnamath.h(2727): warning C4838: la conversione da 'unsigned int' a 'INT' richiede una conversione verso un tipo di dati più piccolo
c:\program files (x86)\microsoft directx sdk (june 2010)\include\xnamath.h(2728): warning C4838: la conversione da 'unsigned int' a 'INT' richiede una conversione verso un tipo di dati più piccolo
c:\program files (x86)\microsoft directx sdk (june 2010)\include\xnamath.h(2729): warning C4838: la conversione da 'unsigned int' a 'INT' richiede una conversione verso un tipo di dati più piccolo
c:\program files (x86)\microsoft directx sdk (june 2010)\include\xnamath.h(2730): warning C4838: la conversione da 'unsigned int' a 'INT' richiede una conversione verso un tipo di dati più piccolo
c:\program files (x86)\microsoft directx sdk (june 2010)\include\xnamath.h(2731): warning C4838: la conversione da 'unsigned int' a 'INT' richiede una conversione verso un tipo di dati più piccolo
c:\program files (x86)\microsoft directx sdk (june 2010)\include\xnamath.h(2732): warning C4838: la conversione da 'unsigned int' a 'INT' richiede una conversione verso un tipo di dati più piccolo
c:\program files (x86)\microsoft directx sdk (june 2010)\include\xnamath.h(2742): warning C4838: la conversione da 'unsigned int' a 'INT' richiede una conversione verso un tipo di dati più piccolo
c:\program files (x86)\microsoft directx sdk (june 2010)\include\xnamath.h(2743): warning C4838: la conversione da 'unsigned int' a 'INT' richiede una conversione verso un tipo di dati più piccolo
c:\program files (x86)\microsoft directx sdk (june 2010)\include\xnamath.h(2754): warning C4838: la conversione da 'unsigned int' a 'INT' richiede una conversione verso un tipo di dati più piccolo
c:\program files (x86)\microsoft directx sdk (june 2010)\include\xnamathconvert.inl(2254): warning C4838: la conversione da 'unsigned int' a 'INT' richiede una conversione verso un tipo di dati più piccolo
c:\program files (x86)\microsoft directx sdk (june 2010)\include\xnamathconvert.inl(4523): warning C4838: la conversione da 'unsigned int' a 'INT' richiede una conversione verso un tipo di dati più piccolo
c:\program files (x86)\microsoft directx sdk (june 2010)\include\xnamathconvert.inl(4577): warning C4838: la conversione da 'unsigned int' a 'INT' richiede una conversione verso un tipo di dati più piccolo
c:\program files (x86)\microsoft directx sdk (june 2010)\include\xnamathconvert.inl(4639): warning C4838: la conversione da 'unsigned int' a 'INT' richiede una conversione verso un tipo di dati più piccolo
c:\program files (x86)\microsoft directx sdk (june 2010)\include\xnamathconvert.inl(4707): warning C4838: la conversione da 'unsigned int' a 'INT' richiede una conversione verso un tipo di dati più piccolo
c:\program files (x86)\microsoft directx sdk (june 2010)\include\xnamathconvert.inl(4770): warning C4838: la conversione da 'unsigned int' a 'INT' richiede una conversione verso un tipo di dati più piccolo
c:\program files (x86)\microsoft directx sdk (june 2010)\include\xnamathconvert.inl(4832): warning C4838: la conversione da 'unsigned int' a 'INT' richiede una conversione verso un tipo di dati più piccolo
c:\program files (x86)\microsoft directx sdk (june 2010)\include\xnamathvector.inl(1269): warning C4838: la conversione da 'unsigned int' a 'INT' richiede una conversione verso un tipo di dati più piccolo
c:\program files (x86)\microsoft directx sdk (june 2010)\include\xnamathmisc.inl(518): warning C4838: la conversione da 'unsigned int' a 'INT' richiede una conversione verso un tipo di dati più piccolo
c:\program files (x86)\microsoft directx sdk (june 2010)\include\xnamathmisc.inl(519): warning C4838: la conversione da 'unsigned int' a 'INT' richiede una conversione verso un tipo di dati più piccolo
  EditorHumanView.cpp
  EditorGlobalFunctions.cpp
  Editor.cpp
  Generazione del codice in corso...
     Creazione della libreria D:\github\visual-studio-2015\game-engine-experimental\Source\TeapotWars\Msvc\..\..\Lib\Win32Debug\GCC4EditorDLL_2015.lib e dell'oggetto D:\github\visual-studio-2015\game-engine-experimental\Source\TeapotWars\Msvc\..\..\Lib\Win32Debug\GCC4EditorDLL_2015.exp
Editor.obj : error LNK2001: simbolo esterno "protected: virtual void __thiscall GameCodeApp::VCreateNetworkEventForwarder(void)" (?VCreateNetworkEventForwarder@GameCodeApp@@MAEXXZ) non risolto
gamecode4_2015.lib(GameCode.obj) : error LNK2001: simbolo esterno "protected: virtual void __thiscall GameCodeApp::VCreateNetworkEventForwarder(void)" (?VCreateNetworkEventForwarder@GameCodeApp@@MAEXXZ) non risolto
Editor.obj : error LNK2001: simbolo esterno "protected: virtual void __thiscall GameCodeApp::VDestroyNetworkEventForwarder(void)" (?VDestroyNetworkEventForwarder@GameCodeApp@@MAEXXZ) non risolto
gamecode4_2015.lib(GameCode.obj) : error LNK2001: simbolo esterno "protected: virtual void __thiscall GameCodeApp::VDestroyNetworkEventForwarder(void)" (?VDestroyNetworkEventForwarder@GameCodeApp@@MAEXXZ) non risolto
gamecode4_2015.lib(BaseGameLogic.obj) : error LNK2019: riferimento al simbolo esterno "public: bool __thiscall GameCodeApp::AttachAsClient(void)" (?AttachAsClient@GameCodeApp@@QAE_NXZ) non risolto nella funzione "public: virtual void __thiscall BaseGameLogic::VChangeState(enum BaseGameState)" (?VChangeState@BaseGameLogic@@UAEXW4BaseGameState@@@Z)
D:\github\visual-studio-2015\game-engine-experimental\Source\TeapotWars\Msvc\..\..\Lib\Win32Debug\GCC4EditorDLL_2015.dll : fatal error LNK1120: 3 esterni non risolti
