c:\users\re kotc\source\repos\game-engine-demo\source\temp\gcc4editordll_2015win32debug\gcc4editordll_2015.pch
c:\users\re kotc\source\repos\game-engine-demo\source\lib\win32debug\gcc4editordll_2015.pdb
c:\users\re kotc\source\repos\game-engine-demo\source\lib\win32debug\gcc4editordll_2015.idb
c:\users\re kotc\source\repos\game-engine-demo\source\temp\gcc4editordll_2015win32debug\gcc4editorstd.obj
c:\users\re kotc\source\repos\game-engine-demo\source\temp\gcc4editordll_2015win32debug\editor.obj
c:\users\re kotc\source\repos\game-engine-demo\source\temp\gcc4editordll_2015win32debug\editorglobalfunctions.obj
c:\users\re kotc\source\repos\game-engine-demo\source\temp\gcc4editordll_2015win32debug\editorhumanview.obj
c:\users\re kotc\source\repos\game-engine-demo\source\lib\win32debug\gcc4editordll_2015.lib
c:\users\re kotc\source\repos\game-engine-demo\source\lib\win32debug\gcc4editordll_2015.exp
c:\users\re kotc\source\repos\game-engine-demo\source\lib\win32debug\gcc4editordll_2015.ilk
c:\users\re kotc\source\repos\game-engine-demo\source\lib\win32debug\gcc4editordll_2015.dll
c:\users\re kotc\source\repos\game-engine-demo\source\temp\gcc4editordll_2015win32debug\editor.res
c:\users\re kotc\source\repos\game-engine-demo\source\teapotwars\msvc\..\..\lib\win32debug\gcc4editordll_2015.pdb
c:\users\re kotc\source\repos\game-engine-demo\source\teapotwars\msvc\..\..\lib\win32debug\gcc4editordll_2015.dll
c:\users\re kotc\source\repos\game-engine-demo\source\teapotwars\msvc\..\..\lib\win32debug\gcc4editordll_2015.ilk
c:\users\re kotc\source\repos\game-engine-demo\source\temp\gcc4editordll_2015win32debug\gcc4edit.01b47f4f.tlog\cl.command.1.tlog
c:\users\re kotc\source\repos\game-engine-demo\source\temp\gcc4editordll_2015win32debug\gcc4edit.01b47f4f.tlog\cl.read.1.tlog
c:\users\re kotc\source\repos\game-engine-demo\source\temp\gcc4editordll_2015win32debug\gcc4edit.01b47f4f.tlog\cl.write.1.tlog
c:\users\re kotc\source\repos\game-engine-demo\source\temp\gcc4editordll_2015win32debug\gcc4edit.01b47f4f.tlog\gcc4editordll_2015.write.1u.tlog
c:\users\re kotc\source\repos\game-engine-demo\source\temp\gcc4editordll_2015win32debug\gcc4edit.01b47f4f.tlog\link.command.1.tlog
c:\users\re kotc\source\repos\game-engine-demo\source\temp\gcc4editordll_2015win32debug\gcc4edit.01b47f4f.tlog\link.read.1.tlog
c:\users\re kotc\source\repos\game-engine-demo\source\temp\gcc4editordll_2015win32debug\gcc4edit.01b47f4f.tlog\link.write.1.tlog
c:\users\re kotc\source\repos\game-engine-demo\source\temp\gcc4editordll_2015win32debug\gcc4edit.01b47f4f.tlog\rc.command.1.tlog
c:\users\re kotc\source\repos\game-engine-demo\source\temp\gcc4editordll_2015win32debug\gcc4edit.01b47f4f.tlog\rc.read.1.tlog
c:\users\re kotc\source\repos\game-engine-demo\source\temp\gcc4editordll_2015win32debug\gcc4edit.01b47f4f.tlog\rc.write.1.tlog
