d:\github\visual-studio-2015\game-engine-experimental-3\source\temp\gamecode4_2015win32debug\gamecode4_2015.pch
d:\github\visual-studio-2015\game-engine-experimental-3\source\lib\win32debug\gamecode4_2015.pdb
d:\github\visual-studio-2015\game-engine-experimental-3\source\lib\win32debug\gamecode4_2015.idb
d:\github\visual-studio-2015\game-engine-experimental-3\source\temp\gamecode4_2015win32debug\gamecodestd.obj
d:\github\visual-studio-2015\game-engine-experimental-3\source\temp\gamecode4_2015win32debug\scriptprocess.obj
d:\github\visual-studio-2015\game-engine-experimental-3\source\temp\gamecode4_2015win32debug\scriptresource.obj
d:\github\visual-studio-2015\game-engine-experimental-3\source\temp\gamecode4_2015win32debug\initialization.obj
d:\github\visual-studio-2015\game-engine-experimental-3\source\temp\gamecode4_2015win32debug\process.obj
d:\github\visual-studio-2015\game-engine-experimental-3\source\temp\gamecode4_2015win32debug\processmanager.obj
d:\github\visual-studio-2015\game-engine-experimental-3\source\temp\gamecode4_2015win32debug\memorypool.obj
d:\github\visual-studio-2015\game-engine-experimental-3\source\temp\gamecode4_2015win32debug\realtimeprocess.obj
d:\github\visual-studio-2015\game-engine-experimental-3\source\temp\gamecode4_2015win32debug\network.obj
d:\github\visual-studio-2015\game-engine-experimental-3\source\temp\gamecode4_2015win32debug\physics.obj
d:\github\visual-studio-2015\game-engine-experimental-3\source\temp\gamecode4_2015win32debug\physicsdebugdrawer.obj
d:\github\visual-studio-2015\game-engine-experimental-3\source\temp\gamecode4_2015win32debug\physicseventlistener.obj
d:\github\visual-studio-2015\game-engine-experimental-3\source\temp\gamecode4_2015win32debug\rescache.obj
d:\github\visual-studio-2015\game-engine-experimental-3\source\temp\gamecode4_2015win32debug\xmlresource.obj
d:\github\visual-studio-2015\game-engine-experimental-3\source\temp\gamecode4_2015win32debug\zipfile.obj
d:\github\visual-studio-2015\game-engine-experimental-3\source\temp\gamecode4_2015win32debug\humanview.obj
d:\github\visual-studio-2015\game-engine-experimental-3\source\temp\gamecode4_2015win32debug\messagebox.obj
d:\github\visual-studio-2015\game-engine-experimental-3\source\temp\gamecode4_2015win32debug\math.obj
d:\github\visual-studio-2015\game-engine-experimental-3\source\temp\gamecode4_2015win32debug\math_random.obj
d:\github\visual-studio-2015\game-engine-experimental-3\source\temp\gamecode4_2015win32debug\primesearch.obj
d:\github\visual-studio-2015\game-engine-experimental-3\source\temp\gamecode4_2015win32debug\string.obj
d:\github\visual-studio-2015\game-engine-experimental-3\source\temp\gamecode4_2015win32debug\eventmanager.obj
d:\github\visual-studio-2015\game-engine-experimental-3\source\temp\gamecode4_2015win32debug\eventmanagerimpl.obj
d:\github\visual-studio-2015\game-engine-experimental-3\source\temp\gamecode4_2015win32debug\events.obj
d:\github\visual-studio-2015\game-engine-experimental-3\source\temp\gamecode4_2015win32debug\basegamelogic.obj
d:\github\visual-studio-2015\game-engine-experimental-3\source\temp\gamecode4_2015win32debug\gamecode.obj
d:\github\visual-studio-2015\game-engine-experimental-3\source\temp\gamecode4_2015win32debug\gamecode4.obj
d:\github\visual-studio-2015\game-engine-experimental-3\source\temp\gamecode4_2015win32debug\d3drenderer.obj
d:\github\visual-studio-2015\game-engine-experimental-3\source\temp\gamecode4_2015win32debug\geometry.obj
d:\github\visual-studio-2015\game-engine-experimental-3\source\temp\gamecode4_2015win32debug\lights.obj
d:\github\visual-studio-2015\game-engine-experimental-3\source\temp\gamecode4_2015win32debug\material.obj
d:\github\visual-studio-2015\game-engine-experimental-3\source\temp\gamecode4_2015win32debug\meshassimp.obj
d:\github\visual-studio-2015\game-engine-experimental-3\source\temp\gamecode4_2015win32debug\movementcontroller.obj
d:\github\visual-studio-2015\game-engine-experimental-3\source\temp\gamecode4_2015win32debug\raycast.obj
d:\github\visual-studio-2015\game-engine-experimental-3\source\temp\gamecode4_2015win32debug\scene.obj
d:\github\visual-studio-2015\game-engine-experimental-3\source\temp\gamecode4_2015win32debug\scenenodes.obj
d:\github\visual-studio-2015\game-engine-experimental-3\source\temp\gamecode4_2015win32debug\shaders.obj
d:\github\visual-studio-2015\game-engine-experimental-3\source\temp\gamecode4_2015win32debug\sky.obj
d:\github\visual-studio-2015\game-engine-experimental-3\source\temp\gamecode4_2015win32debug\luastatemanager.obj
d:\github\visual-studio-2015\game-engine-experimental-3\source\temp\gamecode4_2015win32debug\scriptevent.obj
d:\github\visual-studio-2015\game-engine-experimental-3\source\temp\gamecode4_2015win32debug\scriptexports.obj
d:\github\visual-studio-2015\game-engine-experimental-3\source\temp\gamecode4_2015win32debug\actor.obj
d:\github\visual-studio-2015\game-engine-experimental-3\source\temp\gamecode4_2015win32debug\actorfactory.obj
d:\github\visual-studio-2015\game-engine-experimental-3\source\temp\gamecode4_2015win32debug\ammopickup.obj
d:\github\visual-studio-2015\game-engine-experimental-3\source\temp\gamecode4_2015win32debug\audiocomponent.obj
d:\github\visual-studio-2015\game-engine-experimental-3\source\temp\gamecode4_2015win32debug\basescriptcomponent.obj
d:\github\visual-studio-2015\game-engine-experimental-3\source\temp\gamecode4_2015win32debug\healthpickup.obj
d:\github\visual-studio-2015\game-engine-experimental-3\source\temp\gamecode4_2015win32debug\physicscomponent.obj
d:\github\visual-studio-2015\game-engine-experimental-3\source\temp\gamecode4_2015win32debug\rendercomponent.obj
d:\github\visual-studio-2015\game-engine-experimental-3\source\temp\gamecode4_2015win32debug\transformcomponent.obj
d:\github\visual-studio-2015\game-engine-experimental-3\source\temp\gamecode4_2015win32debug\pathing.obj
d:\github\visual-studio-2015\game-engine-experimental-3\source\temp\gamecode4_2015win32debug\audio.obj
d:\github\visual-studio-2015\game-engine-experimental-3\source\temp\gamecode4_2015win32debug\directsoundaudio.obj
d:\github\visual-studio-2015\game-engine-experimental-3\source\temp\gamecode4_2015win32debug\soundprocess.obj
d:\github\visual-studio-2015\game-engine-experimental-3\source\temp\gamecode4_2015win32debug\soundresource.obj
d:\github\visual-studio-2015\game-engine-experimental-3\source\temp\gamecode4_2015win32debug\debugging.obj
d:\github\visual-studio-2015\game-engine-experimental-3\source\temp\gamecode4_2015win32debug\logger.obj
d:\github\visual-studio-2015\game-engine-experimental-3\source\temp\gamecode4_2015win32debug\minidump.obj
d:\github\visual-studio-2015\game-engine-experimental-3\source\lib\win32debug\gamecode4_2015.lib
m:\github\visual-studio-2015\game-engine-experimental-3\source\temp\gamecode4_2015win32debug\actor.obj
m:\github\visual-studio-2015\game-engine-experimental-3\source\temp\gamecode4_2015win32debug\actorfactory.obj
m:\github\visual-studio-2015\game-engine-experimental-3\source\temp\gamecode4_2015win32debug\ammopickup.obj
m:\github\visual-studio-2015\game-engine-experimental-3\source\temp\gamecode4_2015win32debug\audio.obj
m:\github\visual-studio-2015\game-engine-experimental-3\source\temp\gamecode4_2015win32debug\audiocomponent.obj
m:\github\visual-studio-2015\game-engine-experimental-3\source\temp\gamecode4_2015win32debug\basegamelogic.obj
m:\github\visual-studio-2015\game-engine-experimental-3\source\temp\gamecode4_2015win32debug\basescriptcomponent.obj
m:\github\visual-studio-2015\game-engine-experimental-3\source\temp\gamecode4_2015win32debug\d3drenderer.obj
m:\github\visual-studio-2015\game-engine-experimental-3\source\temp\gamecode4_2015win32debug\debugging.obj
m:\github\visual-studio-2015\game-engine-experimental-3\source\temp\gamecode4_2015win32debug\directsoundaudio.obj
m:\github\visual-studio-2015\game-engine-experimental-3\source\temp\gamecode4_2015win32debug\eventmanager.obj
m:\github\visual-studio-2015\game-engine-experimental-3\source\temp\gamecode4_2015win32debug\eventmanagerimpl.obj
m:\github\visual-studio-2015\game-engine-experimental-3\source\temp\gamecode4_2015win32debug\events.obj
m:\github\visual-studio-2015\game-engine-experimental-3\source\temp\gamecode4_2015win32debug\gamecode.obj
m:\github\visual-studio-2015\game-engine-experimental-3\source\temp\gamecode4_2015win32debug\gamecode4.obj
m:\github\visual-studio-2015\game-engine-experimental-3\source\temp\gamecode4_2015win32debug\gamecodestd.obj
m:\github\visual-studio-2015\game-engine-experimental-3\source\temp\gamecode4_2015win32debug\geometry.obj
m:\github\visual-studio-2015\game-engine-experimental-3\source\temp\gamecode4_2015win32debug\healthpickup.obj
m:\github\visual-studio-2015\game-engine-experimental-3\source\temp\gamecode4_2015win32debug\humanview.obj
m:\github\visual-studio-2015\game-engine-experimental-3\source\temp\gamecode4_2015win32debug\initialization.obj
m:\github\visual-studio-2015\game-engine-experimental-3\source\temp\gamecode4_2015win32debug\lights.obj
m:\github\visual-studio-2015\game-engine-experimental-3\source\temp\gamecode4_2015win32debug\logger.obj
m:\github\visual-studio-2015\game-engine-experimental-3\source\temp\gamecode4_2015win32debug\luastatemanager.obj
m:\github\visual-studio-2015\game-engine-experimental-3\source\temp\gamecode4_2015win32debug\material.obj
m:\github\visual-studio-2015\game-engine-experimental-3\source\temp\gamecode4_2015win32debug\math.obj
m:\github\visual-studio-2015\game-engine-experimental-3\source\temp\gamecode4_2015win32debug\math_random.obj
m:\github\visual-studio-2015\game-engine-experimental-3\source\temp\gamecode4_2015win32debug\memorypool.obj
m:\github\visual-studio-2015\game-engine-experimental-3\source\temp\gamecode4_2015win32debug\meshassimp.obj
m:\github\visual-studio-2015\game-engine-experimental-3\source\temp\gamecode4_2015win32debug\messagebox.obj
m:\github\visual-studio-2015\game-engine-experimental-3\source\temp\gamecode4_2015win32debug\minidump.obj
m:\github\visual-studio-2015\game-engine-experimental-3\source\temp\gamecode4_2015win32debug\movementcontroller.obj
m:\github\visual-studio-2015\game-engine-experimental-3\source\temp\gamecode4_2015win32debug\network.obj
m:\github\visual-studio-2015\game-engine-experimental-3\source\temp\gamecode4_2015win32debug\pathing.obj
m:\github\visual-studio-2015\game-engine-experimental-3\source\temp\gamecode4_2015win32debug\physics.obj
m:\github\visual-studio-2015\game-engine-experimental-3\source\temp\gamecode4_2015win32debug\physicscomponent.obj
m:\github\visual-studio-2015\game-engine-experimental-3\source\temp\gamecode4_2015win32debug\physicsdebugdrawer.obj
m:\github\visual-studio-2015\game-engine-experimental-3\source\temp\gamecode4_2015win32debug\physicseventlistener.obj
m:\github\visual-studio-2015\game-engine-experimental-3\source\temp\gamecode4_2015win32debug\primesearch.obj
m:\github\visual-studio-2015\game-engine-experimental-3\source\temp\gamecode4_2015win32debug\process.obj
m:\github\visual-studio-2015\game-engine-experimental-3\source\temp\gamecode4_2015win32debug\processmanager.obj
m:\github\visual-studio-2015\game-engine-experimental-3\source\temp\gamecode4_2015win32debug\raycast.obj
m:\github\visual-studio-2015\game-engine-experimental-3\source\temp\gamecode4_2015win32debug\realtimeprocess.obj
m:\github\visual-studio-2015\game-engine-experimental-3\source\temp\gamecode4_2015win32debug\rendercomponent.obj
m:\github\visual-studio-2015\game-engine-experimental-3\source\temp\gamecode4_2015win32debug\rescache.obj
m:\github\visual-studio-2015\game-engine-experimental-3\source\temp\gamecode4_2015win32debug\scene.obj
m:\github\visual-studio-2015\game-engine-experimental-3\source\temp\gamecode4_2015win32debug\scenenodes.obj
m:\github\visual-studio-2015\game-engine-experimental-3\source\temp\gamecode4_2015win32debug\scriptevent.obj
m:\github\visual-studio-2015\game-engine-experimental-3\source\temp\gamecode4_2015win32debug\scriptexports.obj
m:\github\visual-studio-2015\game-engine-experimental-3\source\temp\gamecode4_2015win32debug\scriptprocess.obj
m:\github\visual-studio-2015\game-engine-experimental-3\source\temp\gamecode4_2015win32debug\scriptresource.obj
m:\github\visual-studio-2015\game-engine-experimental-3\source\temp\gamecode4_2015win32debug\shaders.obj
m:\github\visual-studio-2015\game-engine-experimental-3\source\temp\gamecode4_2015win32debug\sky.obj
m:\github\visual-studio-2015\game-engine-experimental-3\source\temp\gamecode4_2015win32debug\soundprocess.obj
m:\github\visual-studio-2015\game-engine-experimental-3\source\temp\gamecode4_2015win32debug\soundresource.obj
m:\github\visual-studio-2015\game-engine-experimental-3\source\temp\gamecode4_2015win32debug\string.obj
m:\github\visual-studio-2015\game-engine-experimental-3\source\temp\gamecode4_2015win32debug\transformcomponent.obj
m:\github\visual-studio-2015\game-engine-experimental-3\source\temp\gamecode4_2015win32debug\xmlresource.obj
m:\github\visual-studio-2015\game-engine-experimental-3\source\temp\gamecode4_2015win32debug\zipfile.obj
m:\github\visual-studio-2015\game-engine-experimental-3\source\temp\gamecode4_2015win32debug\gamecode4_2015.pch
m:\github\visual-studio-2015\game-engine-experimental-3\source\gcc4\msvc\..\..\lib\win32debug\gamecode4_2015.pdb
m:\github\visual-studio-2015\game-engine-experimental-3\source\gcc4\msvc\..\..\lib\win32debug\gamecode4_2015.lib
m:\github\visual-studio-2015\game-engine-experimental-3\source\temp\gamecode4_2015win32debug\gamecode4_2015.tlog\cl.command.1.tlog
m:\github\visual-studio-2015\game-engine-experimental-3\source\temp\gamecode4_2015win32debug\gamecode4_2015.tlog\cl.read.1.tlog
m:\github\visual-studio-2015\game-engine-experimental-3\source\temp\gamecode4_2015win32debug\gamecode4_2015.tlog\cl.write.1.tlog
m:\github\visual-studio-2015\game-engine-experimental-3\source\temp\gamecode4_2015win32debug\gamecode4_2015.tlog\lib-link.read.1.tlog
m:\github\visual-studio-2015\game-engine-experimental-3\source\temp\gamecode4_2015win32debug\gamecode4_2015.tlog\lib-link.write.1.tlog
m:\github\visual-studio-2015\game-engine-experimental-3\source\temp\gamecode4_2015win32debug\gamecode4_2015.tlog\lib.command.1.tlog
