c:\users\re kotc\source\repos\game-engine-demo\source\temp\teapotwars_2015win32debug\teapotwars_2015win32debug.pch
c:\users\re kotc\source\repos\game-engine-demo\source\lib\win32debug\teapotwars_2015win32debug.pdb
c:\users\re kotc\source\repos\game-engine-demo\source\lib\win32debug\teapotwars_2015win32debug.idb
c:\users\re kotc\source\repos\game-engine-demo\source\temp\teapotwars_2015win32debug\teapotwarsstd.obj
c:\users\re kotc\source\repos\game-engine-demo\source\temp\teapotwars_2015win32debug\teapotcontroller.obj
c:\users\re kotc\source\repos\game-engine-demo\source\temp\teapotwars_2015win32debug\teapotevents.obj
c:\users\re kotc\source\repos\game-engine-demo\source\temp\teapotwars_2015win32debug\teapotwars.obj
c:\users\re kotc\source\repos\game-engine-demo\source\temp\teapotwars_2015win32debug\teapotwarsview.obj
c:\users\re kotc\source\repos\game-engine-demo\source\lib\win32debug\teapotwars_2015win32debug.ilk
c:\users\re kotc\source\repos\game-engine-demo\source\lib\win32debug\teapotwars_2015win32debug.exe
c:\users\re kotc\source\repos\game-engine-demo\source\temp\teapotwars_2015win32debug\teapotwars.res
c:\users\re kotc\source\repos\game-engine-demo\source\teapotwars\msvc\..\..\lib\win32debug\teapotwars_2015win32debug.pdb
c:\users\re kotc\source\repos\game-engine-demo\source\teapotwars\msvc\..\..\lib\win32debug\teapotwars_2015win32debug.exe
c:\users\re kotc\source\repos\game-engine-demo\source\teapotwars\msvc\..\..\lib\win32debug\teapotwars_2015win32debug.ilk
c:\users\re kotc\source\repos\game-engine-demo\source\temp\teapotwars_2015win32debug\teapotwars_2015.tlog\cl.command.1.tlog
c:\users\re kotc\source\repos\game-engine-demo\source\temp\teapotwars_2015win32debug\teapotwars_2015.tlog\cl.read.1.tlog
c:\users\re kotc\source\repos\game-engine-demo\source\temp\teapotwars_2015win32debug\teapotwars_2015.tlog\cl.write.1.tlog
c:\users\re kotc\source\repos\game-engine-demo\source\temp\teapotwars_2015win32debug\teapotwars_2015.tlog\link.command.1.tlog
c:\users\re kotc\source\repos\game-engine-demo\source\temp\teapotwars_2015win32debug\teapotwars_2015.tlog\link.read.1.tlog
c:\users\re kotc\source\repos\game-engine-demo\source\temp\teapotwars_2015win32debug\teapotwars_2015.tlog\link.write.1.tlog
c:\users\re kotc\source\repos\game-engine-demo\source\temp\teapotwars_2015win32debug\teapotwars_2015.tlog\rc.command.1.tlog
c:\users\re kotc\source\repos\game-engine-demo\source\temp\teapotwars_2015win32debug\teapotwars_2015.tlog\rc.read.1.tlog
c:\users\re kotc\source\repos\game-engine-demo\source\temp\teapotwars_2015win32debug\teapotwars_2015.tlog\rc.write.1.tlog
